<?xml version="1.0" encoding="UTF-8"?>
<!-- Generated by org.testng.reporters.JUnitReportReporter -->
<testsuite hostname="Rohitha-Dell" failures="0" tests="3" name="RC.Tests.SubmitOrder" time="68.921" errors="0" timestamp="2024-09-11T10:07:20 MDT" skipped="0">
  <testcase classname="RC.Tests.SubmitOrder" name="submitOrder" time="28.295"/>
  <testcase classname="RC.Tests.SubmitOrder" name="checkIfTheProductsAreAvailable" time="15.492"/>
  <testcase classname="RC.Tests.SubmitOrder" name="submitOrder" time="25.134"/>
</testsuite> <!-- RC.Tests.SubmitOrder -->
