<?xml version="1.0" encoding="UTF-8"?>
<!-- Generated by org.testng.reporters.JUnitReportReporter -->
<testsuite hostname="Rohitha-Dell" failures="0" tests="2" name="RC.Tests.CartTests" time="73.247" errors="0" timestamp="2024-09-11T12:56:17 MDT" skipped="0">
  <testcase classname="RC.Tests.CartTests" name="checkTotal" time="31.261"/>
  <testcase classname="RC.Tests.CartTests" name="checkTotal" time="41.986"/>
</testsuite> <!-- RC.Tests.CartTests -->
